<?xml version="1.0" encoding="UTF-8"?>
<testsuite xmlns:xsi="http://www.w3.org/2001/XMLSchema-instance" xsi:noNamespaceSchemaLocation="https://maven.apache.org/surefire/maven-surefire-plugin/xsd/surefire-test-report-3.0.xsd" version="3.0" name="TestSuite" time="5.871" tests="1" errors="0" skipped="0" failures="1">
  <properties>
    <property name="sun.desktop" value="gnome"/>
    <property name="awt.toolkit" value="sun.awt.X11.XToolkit"/>
    <property name="file.encoding.pkg" value="sun.io"/>
    <property name="java.specification.version" value="1.8"/>
    <property name="webdriver.chrome.driver" value="/home/preyas.r@ah.zymrinc.com/.cache/selenium/chromedriver/linux64/102.0.5005.61/chromedriver"/>
    <property name="sun.cpu.isalist" value=""/>
    <property name="sun.jnu.encoding" value="UTF-8"/>
    <property name="java.class.path" value="/home/preyas.r@ah.zymrinc.com/Desktop/preyas/eclipse-workspace/Snapdeal_Project/target/test-classes:/home/preyas.r@ah.zymrinc.com/Desktop/preyas/eclipse-workspace/Snapdeal_Project/target/classes:/home/preyas.r@ah.zymrinc.com/.m2/repository/io/cucumber/cucumber-java/7.2.3/cucumber-java-7.2.3.jar:/home/preyas.r@ah.zymrinc.com/.m2/repository/io/cucumber/cucumber-core/7.2.3/cucumber-core-7.2.3.jar:/home/preyas.r@ah.zymrinc.com/.m2/repository/io/cucumber/cucumber-gherkin/7.2.3/cucumber-gherkin-7.2.3.jar:/home/preyas.r@ah.zymrinc.com/.m2/repository/io/cucumber/cucumber-gherkin-messages/7.2.3/cucumber-gherkin-messages-7.2.3.jar:/home/preyas.r@ah.zymrinc.com/.m2/repository/io/cucumber/messages/17.1.1/messages-17.1.1.jar:/home/preyas.r@ah.zymrinc.com/.m2/repository/io/cucumber/tag-expressions/4.1.0/tag-expressions-4.1.0.jar:/home/preyas.r@ah.zymrinc.com/.m2/repository/io/cucumber/cucumber-expressions/15.0.1/cucumber-expressions-15.0.1.jar:/home/preyas.r@ah.zymrinc.com/.m2/repository/io/cucumber/datatable/7.2.3/datatable-7.2.3.jar:/home/preyas.r@ah.zymrinc.com/.m2/repository/io/cucumber/cucumber-plugin/7.2.3/cucumber-plugin-7.2.3.jar:/home/preyas.r@ah.zymrinc.com/.m2/repository/io/cucumber/docstring/7.2.3/docstring-7.2.3.jar:/home/preyas.r@ah.zymrinc.com/.m2/repository/io/cucumber/html-formatter/17.0.0/html-formatter-17.0.0.jar:/home/preyas.r@ah.zymrinc.com/.m2/repository/io/cucumber/ci-environment/8.1.0/ci-environment-8.1.0.jar:/home/preyas.r@ah.zymrinc.com/.m2/repository/org/apiguardian/apiguardian-api/1.1.2/apiguardian-api-1.1.2.jar:/home/preyas.r@ah.zymrinc.com/.m2/repository/com/github/javafaker/javafaker/1.0.2/javafaker-1.0.2.jar:/home/preyas.r@ah.zymrinc.com/.m2/repository/org/apache/commons/commons-lang3/3.5/commons-lang3-3.5.jar:/home/preyas.r@ah.zymrinc.com/.m2/repository/org/yaml/snakeyaml/1.23/snakeyaml-1.23-android.jar:/home/preyas.r@ah.zymrinc.com/.m2/repository/com/github/mifmif/generex/1.0.2/generex-1.0.2.jar:/home/preyas.r@ah.zymrinc.com/.m2/repository/dk/brics/automaton/automaton/1.11-8/automaton-1.11-8.jar:/home/preyas.r@ah.zymrinc.com/.m2/repository/com/google/zxing/javase/3.5.0/javase-3.5.0.jar:/home/preyas.r@ah.zymrinc.com/.m2/repository/com/google/zxing/core/3.5.0/core-3.5.0.jar:/home/preyas.r@ah.zymrinc.com/.m2/repository/com/beust/jcommander/1.82/jcommander-1.82.jar:/home/preyas.r@ah.zymrinc.com/.m2/repository/com/github/jai-imageio/jai-imageio-core/1.4.0/jai-imageio-core-1.4.0.jar:/home/preyas.r@ah.zymrinc.com/.m2/repository/junit/junit/4.13.2/junit-4.13.2.jar:/home/preyas.r@ah.zymrinc.com/.m2/repository/io/cucumber/cucumber-junit/7.2.3/cucumber-junit-7.2.3.jar:/home/preyas.r@ah.zymrinc.com/.m2/repository/org/seleniumhq/selenium/selenium-java/4.1.3/selenium-java-4.1.3.jar:/home/preyas.r@ah.zymrinc.com/.m2/repository/org/seleniumhq/selenium/selenium-api/4.1.3/selenium-api-4.1.3.jar:/home/preyas.r@ah.zymrinc.com/.m2/repository/org/seleniumhq/selenium/selenium-chrome-driver/4.1.3/selenium-chrome-driver-4.1.3.jar:/home/preyas.r@ah.zymrinc.com/.m2/repository/com/google/auto/service/auto-service-annotations/1.0.1/auto-service-annotations-1.0.1.jar:/home/preyas.r@ah.zymrinc.com/.m2/repository/com/google/auto/service/auto-service/1.0.1/auto-service-1.0.1.jar:/home/preyas.r@ah.zymrinc.com/.m2/repository/com/google/auto/auto-common/1.2/auto-common-1.2.jar:/home/preyas.r@ah.zymrinc.com/.m2/repository/com/google/guava/guava/31.1-jre/guava-31.1-jre.jar:/home/preyas.r@ah.zymrinc.com/.m2/repository/com/google/guava/failureaccess/1.0.1/failureaccess-1.0.1.jar:/home/preyas.r@ah.zymrinc.com/.m2/repository/com/google/guava/listenablefuture/9999.0-empty-to-avoid-conflict-with-guava/listenablefuture-9999.0-empty-to-avoid-conflict-with-guava.jar:/home/preyas.r@ah.zymrinc.com/.m2/repository/org/checkerframework/checker-qual/3.12.0/checker-qual-3.12.0.jar:/home/preyas.r@ah.zymrinc.com/.m2/repository/com/google/errorprone/error_prone_annotations/2.11.0/error_prone_annotations-2.11.0.jar:/home/preyas.r@ah.zymrinc.com/.m2/repository/com/google/j2objc/j2objc-annotations/1.3/j2objc-annotations-1.3.jar:/home/preyas.r@ah.zymrinc.com/.m2/repository/org/seleniumhq/selenium/selenium-chromium-driver/4.1.3/selenium-chromium-driver-4.1.3.jar:/home/preyas.r@ah.zymrinc.com/.m2/repository/org/seleniumhq/selenium/selenium-json/4.1.3/selenium-json-4.1.3.jar:/home/preyas.r@ah.zymrinc.com/.m2/repository/org/seleniumhq/selenium/selenium-devtools-v85/4.1.3/selenium-devtools-v85-4.1.3.jar:/home/preyas.r@ah.zymrinc.com/.m2/repository/org/seleniumhq/selenium/selenium-devtools-v97/4.1.3/selenium-devtools-v97-4.1.3.jar:/home/preyas.r@ah.zymrinc.com/.m2/repository/org/seleniumhq/selenium/selenium-devtools-v98/4.1.3/selenium-devtools-v98-4.1.3.jar:/home/preyas.r@ah.zymrinc.com/.m2/repository/org/seleniumhq/selenium/selenium-devtools-v99/4.1.3/selenium-devtools-v99-4.1.3.jar:/home/preyas.r@ah.zymrinc.com/.m2/repository/org/seleniumhq/selenium/selenium-edge-driver/4.1.3/selenium-edge-driver-4.1.3.jar:/home/preyas.r@ah.zymrinc.com/.m2/repository/org/seleniumhq/selenium/selenium-firefox-driver/4.1.3/selenium-firefox-driver-4.1.3.jar:/home/preyas.r@ah.zymrinc.com/.m2/repository/org/seleniumhq/selenium/selenium-ie-driver/4.1.3/selenium-ie-driver-4.1.3.jar:/home/preyas.r@ah.zymrinc.com/.m2/repository/org/seleniumhq/selenium/selenium-opera-driver/4.1.3/selenium-opera-driver-4.1.3.jar:/home/preyas.r@ah.zymrinc.com/.m2/repository/org/seleniumhq/selenium/selenium-remote-driver/4.1.3/selenium-remote-driver-4.1.3.jar:/home/preyas.r@ah.zymrinc.com/.m2/repository/io/netty/netty-buffer/4.1.75.Final/netty-buffer-4.1.75.Final.jar:/home/preyas.r@ah.zymrinc.com/.m2/repository/io/netty/netty-codec-http/4.1.75.Final/netty-codec-http-4.1.75.Final.jar:/home/preyas.r@ah.zymrinc.com/.m2/repository/io/netty/netty-codec/4.1.75.Final/netty-codec-4.1.75.Final.jar:/home/preyas.r@ah.zymrinc.com/.m2/repository/io/netty/netty-handler/4.1.75.Final/netty-handler-4.1.75.Final.jar:/home/preyas.r@ah.zymrinc.com/.m2/repository/io/netty/netty-common/4.1.75.Final/netty-common-4.1.75.Final.jar:/home/preyas.r@ah.zymrinc.com/.m2/repository/io/netty/netty-transport-classes-epoll/4.1.75.Final/netty-transport-classes-epoll-4.1.75.Final.jar:/home/preyas.r@ah.zymrinc.com/.m2/repository/io/netty/netty-transport-classes-kqueue/4.1.75.Final/netty-transport-classes-kqueue-4.1.75.Final.jar:/home/preyas.r@ah.zymrinc.com/.m2/repository/io/netty/netty-transport-native-epoll/4.1.75.Final/netty-transport-native-epoll-4.1.75.Final.jar:/home/preyas.r@ah.zymrinc.com/.m2/repository/io/netty/netty-transport-native-kqueue/4.1.75.Final/netty-transport-native-kqueue-4.1.75.Final.jar:/home/preyas.r@ah.zymrinc.com/.m2/repository/io/netty/netty-transport-native-unix-common/4.1.75.Final/netty-transport-native-unix-common-4.1.75.Final.jar:/home/preyas.r@ah.zymrinc.com/.m2/repository/io/netty/netty-transport/4.1.75.Final/netty-transport-4.1.75.Final.jar:/home/preyas.r@ah.zymrinc.com/.m2/repository/io/netty/netty-resolver/4.1.75.Final/netty-resolver-4.1.75.Final.jar:/home/preyas.r@ah.zymrinc.com/.m2/repository/io/opentelemetry/opentelemetry-api/1.12.0/opentelemetry-api-1.12.0.jar:/home/preyas.r@ah.zymrinc.com/.m2/repository/io/opentelemetry/opentelemetry-context/1.12.0/opentelemetry-context-1.12.0.jar:/home/preyas.r@ah.zymrinc.com/.m2/repository/io/opentelemetry/opentelemetry-exporter-logging/1.12.0/opentelemetry-exporter-logging-1.12.0.jar:/home/preyas.r@ah.zymrinc.com/.m2/repository/io/opentelemetry/opentelemetry-sdk-metrics/1.12.0-alpha/opentelemetry-sdk-metrics-1.12.0-alpha.jar:/home/preyas.r@ah.zymrinc.com/.m2/repository/io/opentelemetry/opentelemetry-sdk-logs/1.12.0-alpha/opentelemetry-sdk-logs-1.12.0-alpha.jar:/home/preyas.r@ah.zymrinc.com/.m2/repository/io/opentelemetry/opentelemetry-sdk-common/1.12.0/opentelemetry-sdk-common-1.12.0.jar:/home/preyas.r@ah.zymrinc.com/.m2/repository/io/opentelemetry/opentelemetry-sdk-extension-autoconfigure-spi/1.12.0/opentelemetry-sdk-extension-autoconfigure-spi-1.12.0.jar:/home/preyas.r@ah.zymrinc.com/.m2/repository/io/opentelemetry/opentelemetry-sdk-extension-autoconfigure/1.12.0-alpha/opentelemetry-sdk-extension-autoconfigure-1.12.0-alpha.jar:/home/preyas.r@ah.zymrinc.com/.m2/repository/io/opentelemetry/opentelemetry-sdk-trace/1.12.0/opentelemetry-sdk-trace-1.12.0.jar:/home/preyas.r@ah.zymrinc.com/.m2/repository/io/opentelemetry/opentelemetry-sdk/1.12.0/opentelemetry-sdk-1.12.0.jar:/home/preyas.r@ah.zymrinc.com/.m2/repository/io/opentelemetry/opentelemetry-semconv/1.12.0-alpha/opentelemetry-semconv-1.12.0-alpha.jar:/home/preyas.r@ah.zymrinc.com/.m2/repository/io/ous/jtoml/2.0.0/jtoml-2.0.0.jar:/home/preyas.r@ah.zymrinc.com/.m2/repository/net/bytebuddy/byte-buddy/1.12.8/byte-buddy-1.12.8.jar:/home/preyas.r@ah.zymrinc.com/.m2/repository/org/apache/commons/commons-exec/1.3/commons-exec-1.3.jar:/home/preyas.r@ah.zymrinc.com/.m2/repository/org/asynchttpclient/async-http-client/2.12.3/async-http-client-2.12.3.jar:/home/preyas.r@ah.zymrinc.com/.m2/repository/org/asynchttpclient/async-http-client-netty-utils/2.12.3/async-http-client-netty-utils-2.12.3.jar:/home/preyas.r@ah.zymrinc.com/.m2/repository/io/netty/netty-codec-socks/4.1.60.Final/netty-codec-socks-4.1.60.Final.jar:/home/preyas.r@ah.zymrinc.com/.m2/repository/io/netty/netty-handler-proxy/4.1.60.Final/netty-handler-proxy-4.1.60.Final.jar:/home/preyas.r@ah.zymrinc.com/.m2/repository/io/netty/netty-transport-native-epoll/4.1.60.Final/netty-transport-native-epoll-4.1.60.Final-linux-x86_64.jar:/home/preyas.r@ah.zymrinc.com/.m2/repository/io/netty/netty-transport-native-kqueue/4.1.60.Final/netty-transport-native-kqueue-4.1.60.Final-osx-x86_64.jar:/home/preyas.r@ah.zymrinc.com/.m2/repository/org/reactivestreams/reactive-streams/1.0.3/reactive-streams-1.0.3.jar:/home/preyas.r@ah.zymrinc.com/.m2/repository/com/typesafe/netty/netty-reactive-streams/2.0.4/netty-reactive-streams-2.0.4.jar:/home/preyas.r@ah.zymrinc.com/.m2/repository/com/sun/activation/jakarta.activation/1.2.2/jakarta.activation-1.2.2.jar:/home/preyas.r@ah.zymrinc.com/.m2/repository/org/seleniumhq/selenium/selenium-http/4.1.3/selenium-http-4.1.3.jar:/home/preyas.r@ah.zymrinc.com/.m2/repository/dev/failsafe/failsafe/3.2.3/failsafe-3.2.3.jar:/home/preyas.r@ah.zymrinc.com/.m2/repository/org/seleniumhq/selenium/selenium-safari-driver/4.1.3/selenium-safari-driver-4.1.3.jar:/home/preyas.r@ah.zymrinc.com/.m2/repository/org/seleniumhq/selenium/selenium-support/4.1.3/selenium-support-4.1.3.jar:/home/preyas.r@ah.zymrinc.com/.m2/repository/io/github/bonigarcia/webdrivermanager/4.4.3/webdrivermanager-4.4.3.jar:/home/preyas.r@ah.zymrinc.com/.m2/repository/org/slf4j/slf4j-api/1.7.30/slf4j-api-1.7.30.jar:/home/preyas.r@ah.zymrinc.com/.m2/repository/commons-io/commons-io/2.8.0/commons-io-2.8.0.jar:/home/preyas.r@ah.zymrinc.com/.m2/repository/com/google/code/gson/gson/2.8.6/gson-2.8.6.jar:/home/preyas.r@ah.zymrinc.com/.m2/repository/org/apache/httpcomponents/client5/httpclient5/5.0.3/httpclient5-5.0.3.jar:/home/preyas.r@ah.zymrinc.com/.m2/repository/org/apache/httpcomponents/core5/httpcore5/5.0.2/httpcore5-5.0.2.jar:/home/preyas.r@ah.zymrinc.com/.m2/repository/org/apache/httpcomponents/core5/httpcore5-h2/5.0.2/httpcore5-h2-5.0.2.jar:/home/preyas.r@ah.zymrinc.com/.m2/repository/org/rauschig/jarchivelib/1.1.0/jarchivelib-1.1.0.jar:/home/preyas.r@ah.zymrinc.com/.m2/repository/org/jsoup/jsoup/1.13.1/jsoup-1.13.1.jar:/home/preyas.r@ah.zymrinc.com/.m2/repository/org/testng/testng/7.4.0/testng-7.4.0.jar:/home/preyas.r@ah.zymrinc.com/.m2/repository/org/webjars/jquery/3.5.1/jquery-3.5.1.jar:/home/preyas.r@ah.zymrinc.com/.m2/repository/io/cucumber/cucumber-testng/7.3.2/cucumber-testng-7.3.2.jar:/home/preyas.r@ah.zymrinc.com/.m2/repository/org/hamcrest/java-hamcrest/2.0.0.0/java-hamcrest-2.0.0.0.jar:/home/preyas.r@ah.zymrinc.com/.m2/repository/com/twilio/sdk/twilio/8.30.1/twilio-8.30.1.jar:/home/preyas.r@ah.zymrinc.com/.m2/repository/commons-codec/commons-codec/1.15/commons-codec-1.15.jar:/home/preyas.r@ah.zymrinc.com/.m2/repository/io/jsonwebtoken/jjwt-api/0.11.2/jjwt-api-0.11.2.jar:/home/preyas.r@ah.zymrinc.com/.m2/repository/io/jsonwebtoken/jjwt-jackson/0.11.2/jjwt-jackson-0.11.2.jar:/home/preyas.r@ah.zymrinc.com/.m2/repository/io/jsonwebtoken/jjwt-impl/0.11.2/jjwt-impl-0.11.2.jar:/home/preyas.r@ah.zymrinc.com/.m2/repository/org/apache/httpcomponents/httpclient/4.5.13/httpclient-4.5.13.jar:/home/preyas.r@ah.zymrinc.com/.m2/repository/commons-logging/commons-logging/1.2/commons-logging-1.2.jar:/home/preyas.r@ah.zymrinc.com/.m2/repository/org/apache/httpcomponents/httpcore/4.4.13/httpcore-4.4.13.jar:/home/preyas.r@ah.zymrinc.com/.m2/repository/com/fasterxml/jackson/core/jackson-core/2.12.6/jackson-core-2.12.6.jar:/home/preyas.r@ah.zymrinc.com/.m2/repository/com/fasterxml/jackson/core/jackson-annotations/2.12.6/jackson-annotations-2.12.6.jar:/home/preyas.r@ah.zymrinc.com/.m2/repository/com/fasterxml/jackson/core/jackson-databind/2.12.6/jackson-databind-2.12.6.jar:/home/preyas.r@ah.zymrinc.com/.m2/repository/com/fasterxml/jackson/datatype/jackson-datatype-jsr310/2.12.6/jackson-datatype-jsr310-2.12.6.jar:/home/preyas.r@ah.zymrinc.com/.m2/repository/com/fasterxml/jackson/dataformat/jackson-dataformat-xml/2.12.6/jackson-dataformat-xml-2.12.6.jar:/home/preyas.r@ah.zymrinc.com/.m2/repository/com/fasterxml/jackson/module/jackson-module-jaxb-annotations/2.12.6/jackson-module-jaxb-annotations-2.12.6.jar:/home/preyas.r@ah.zymrinc.com/.m2/repository/jakarta/xml/bind/jakarta.xml.bind-api/2.3.2/jakarta.xml.bind-api-2.3.2.jar:/home/preyas.r@ah.zymrinc.com/.m2/repository/jakarta/activation/jakarta.activation-api/1.2.1/jakarta.activation-api-1.2.1.jar:/home/preyas.r@ah.zymrinc.com/.m2/repository/org/codehaus/woodstox/stax2-api/4.2.1/stax2-api-4.2.1.jar:/home/preyas.r@ah.zymrinc.com/.m2/repository/com/fasterxml/woodstox/woodstox-core/6.2.4/woodstox-core-6.2.4.jar:/home/preyas.r@ah.zymrinc.com/.m2/repository/javax/xml/bind/jaxb-api/2.3.1/jaxb-api-2.3.1.jar:/home/preyas.r@ah.zymrinc.com/.m2/repository/javax/activation/javax.activation-api/1.2.0/javax.activation-api-1.2.0.jar:/home/preyas.r@ah.zymrinc.com/.m2/repository/org/hamcrest/hamcrest-core/2.2/hamcrest-core-2.2.jar:/home/preyas.r@ah.zymrinc.com/.m2/repository/org/hamcrest/hamcrest/2.2/hamcrest-2.2.jar:/home/preyas.r@ah.zymrinc.com/.m2/repository/org/hamcrest/hamcrest-library/2.2/hamcrest-library-2.2.jar:/home/preyas.r@ah.zymrinc.com/.m2/repository/org/apache/poi/poi/4.1.2/poi-4.1.2.jar:/home/preyas.r@ah.zymrinc.com/.m2/repository/org/apache/commons/commons-collections4/4.4/commons-collections4-4.4.jar:/home/preyas.r@ah.zymrinc.com/.m2/repository/org/apache/commons/commons-math3/3.6.1/commons-math3-3.6.1.jar:/home/preyas.r@ah.zymrinc.com/.m2/repository/com/zaxxer/SparseBitSet/1.2/SparseBitSet-1.2.jar:/home/preyas.r@ah.zymrinc.com/.m2/repository/io/rest-assured/json-schema-validator/5.1.0/json-schema-validator-5.1.0.jar:/home/preyas.r@ah.zymrinc.com/.m2/repository/com/github/java-json-tools/json-schema-validator/2.2.14/json-schema-validator-2.2.14.jar:/home/preyas.r@ah.zymrinc.com/.m2/repository/com/github/java-json-tools/jackson-coreutils-equivalence/1.0/jackson-coreutils-equivalence-1.0.jar:/home/preyas.r@ah.zymrinc.com/.m2/repository/com/github/java-json-tools/jackson-coreutils/2.0/jackson-coreutils-2.0.jar:/home/preyas.r@ah.zymrinc.com/.m2/repository/com/github/java-json-tools/msg-simple/1.2/msg-simple-1.2.jar:/home/preyas.r@ah.zymrinc.com/.m2/repository/com/github/java-json-tools/btf/1.3/btf-1.3.jar:/home/preyas.r@ah.zymrinc.com/.m2/repository/com/github/java-json-tools/json-schema-core/1.2.14/json-schema-core-1.2.14.jar:/home/preyas.r@ah.zymrinc.com/.m2/repository/com/github/java-json-tools/uri-template/0.10/uri-template-0.10.jar:/home/preyas.r@ah.zymrinc.com/.m2/repository/org/mozilla/rhino/1.7.7.2/rhino-1.7.7.2.jar:/home/preyas.r@ah.zymrinc.com/.m2/repository/com/sun/mail/mailapi/1.6.2/mailapi-1.6.2.jar:/home/preyas.r@ah.zymrinc.com/.m2/repository/joda-time/joda-time/2.10.5/joda-time-2.10.5.jar:/home/preyas.r@ah.zymrinc.com/.m2/repository/com/googlecode/libphonenumber/libphonenumber/8.11.1/libphonenumber-8.11.1.jar:/home/preyas.r@ah.zymrinc.com/.m2/repository/com/google/code/findbugs/jsr305/3.0.2/jsr305-3.0.2.jar:/home/preyas.r@ah.zymrinc.com/.m2/repository/net/sf/jopt-simple/jopt-simple/5.0.4/jopt-simple-5.0.4.jar:/home/preyas.r@ah.zymrinc.com/.m2/repository/io/rest-assured/json-path/5.1.0/json-path-5.1.0.jar:/home/preyas.r@ah.zymrinc.com/.m2/repository/org/apache/groovy/groovy-json/4.0.1/groovy-json-4.0.1.jar:/home/preyas.r@ah.zymrinc.com/.m2/repository/org/apache/groovy/groovy/4.0.1/groovy-4.0.1.jar:/home/preyas.r@ah.zymrinc.com/.m2/repository/io/rest-assured/rest-assured-common/5.1.0/rest-assured-common-5.1.0.jar:/home/preyas.r@ah.zymrinc.com/.m2/repository/io/rest-assured/xml-path/5.1.0/xml-path-5.1.0.jar:/home/preyas.r@ah.zymrinc.com/.m2/repository/org/apache/groovy/groovy-xml/4.0.1/groovy-xml-4.0.1.jar:/home/preyas.r@ah.zymrinc.com/.m2/repository/org/ccil/cowan/tagsoup/tagsoup/1.2.1/tagsoup-1.2.1.jar:/home/preyas.r@ah.zymrinc.com/.m2/repository/javax/mail/javax.mail-api/1.6.2/javax.mail-api-1.6.2.jar:/home/preyas.r@ah.zymrinc.com/.m2/repository/javax/mail/mail/1.4.7/mail-1.4.7.jar:/home/preyas.r@ah.zymrinc.com/.m2/repository/javax/activation/activation/1.1/activation-1.1.jar:/home/preyas.r@ah.zymrinc.com/.m2/repository/org/apache/poi/poi-ooxml/4.1.2/poi-ooxml-4.1.2.jar:/home/preyas.r@ah.zymrinc.com/.m2/repository/org/apache/poi/poi-ooxml-schemas/4.1.2/poi-ooxml-schemas-4.1.2.jar:/home/preyas.r@ah.zymrinc.com/.m2/repository/org/apache/xmlbeans/xmlbeans/3.1.0/xmlbeans-3.1.0.jar:/home/preyas.r@ah.zymrinc.com/.m2/repository/org/apache/commons/commons-compress/1.19/commons-compress-1.19.jar:/home/preyas.r@ah.zymrinc.com/.m2/repository/com/github/virtuald/curvesapi/1.06/curvesapi-1.06.jar:/home/preyas.r@ah.zymrinc.com/.m2/repository/tech/grasshopper/extentreports-cucumber7-adapter/1.2.0/extentreports-cucumber7-adapter-1.2.0.jar:/home/preyas.r@ah.zymrinc.com/.m2/repository/com/aventstack/extentreports/5.0.9/extentreports-5.0.9.jar:/home/preyas.r@ah.zymrinc.com/.m2/repository/io/reactivex/rxjava3/rxjava/3.0.4/rxjava-3.0.4.jar:/home/preyas.r@ah.zymrinc.com/.m2/repository/org/freemarker/freemarker/2.3.30/freemarker-2.3.30.jar:/home/preyas.r@ah.zymrinc.com/.m2/repository/org/projectlombok/lombok/1.18.12/lombok-1.18.12.jar:/home/preyas.r@ah.zymrinc.com/.m2/repository/tech/grasshopper/extent-pdf-report/1.7.4/extent-pdf-report-1.7.4.jar:/home/preyas.r@ah.zymrinc.com/.m2/repository/tech/grasshopper/cucumber-pdf-report/2.2.4/cucumber-pdf-report-2.2.4.jar:/home/preyas.r@ah.zymrinc.com/.m2/repository/org/apache/pdfbox/pdfbox/2.0.22/pdfbox-2.0.22.jar:/home/preyas.r@ah.zymrinc.com/.m2/repository/org/apache/pdfbox/fontbox/2.0.22/fontbox-2.0.22.jar:/home/preyas.r@ah.zymrinc.com/.m2/repository/org/knowm/xchart/xchart/3.8.0/xchart-3.8.0.jar:/home/preyas.r@ah.zymrinc.com/.m2/repository/de/erichseifert/vectorgraphics2d/VectorGraphics2D/0.13/VectorGraphics2D-0.13.jar:/home/preyas.r@ah.zymrinc.com/.m2/repository/de/rototor/pdfbox/graphics2d/0.30/graphics2d-0.30.jar:/home/preyas.r@ah.zymrinc.com/.m2/repository/com/madgag/animated-gif-lib/1.4/animated-gif-lib-1.4.jar:/home/preyas.r@ah.zymrinc.com/.m2/repository/org/yaml/snakeyaml/1.28/snakeyaml-1.28.jar:/home/preyas.r@ah.zymrinc.com/.m2/repository/tech/grasshopper/table-layout/1.2.0/table-layout-1.2.0.jar:/home/preyas.r@ah.zymrinc.com/.m2/repository/com/aventstack/klov-reporter/5.0.9/klov-reporter-5.0.9.jar:/home/preyas.r@ah.zymrinc.com/.m2/repository/org/mongodb/mongodb-driver/3.6.4/mongodb-driver-3.6.4.jar:/home/preyas.r@ah.zymrinc.com/.m2/repository/org/mongodb/mongodb-driver-core/3.6.4/mongodb-driver-core-3.6.4.jar:/home/preyas.r@ah.zymrinc.com/.m2/repository/org/mongodb/bson/3.6.4/bson-3.6.4.jar:/home/preyas.r@ah.zymrinc.com/.m2/repository/org/apache/httpcomponents/httpmime/4.5.13/httpmime-4.5.13.jar:/home/preyas.r@ah.zymrinc.com/.m2/repository/tech/grasshopper/htmlextentreporter/1.0.0/htmlextentreporter-1.0.0.jar:"/>
    <property name="java.vm.vendor" value="Oracle Corporation"/>
    <property name="sun.arch.data.model" value="64"/>
    <property name="java.vendor.url" value="http://java.oracle.com/"/>
    <property name="user.timezone" value="Asia/Kolkata"/>
    <property name="java.vm.specification.version" value="1.8"/>
    <property name="os.name" value="Linux"/>
    <property name="user.country" value="IN"/>
    <property name="sun.java.launcher" value="SUN_STANDARD"/>
    <property name="sun.boot.library.path" value="/usr/lib/jvm/java-8-oracle/jre/lib/amd64"/>
    <property name="sun.java.command" value="/home/preyas.r@ah.zymrinc.com/Desktop/preyas/eclipse-workspace/Snapdeal_Project/target/surefire/surefirebooter8023899701838467934.jar /home/preyas.r@ah.zymrinc.com/Desktop/preyas/eclipse-workspace/Snapdeal_Project/target/surefire 2022-06-15T17-41-37_921-jvmRun1 surefire2343144707224377462tmp surefire_05747097921770679642tmp"/>
    <property name="surefire.test.class.path" value="/home/preyas.r@ah.zymrinc.com/Desktop/preyas/eclipse-workspace/Snapdeal_Project/target/test-classes:/home/preyas.r@ah.zymrinc.com/Desktop/preyas/eclipse-workspace/Snapdeal_Project/target/classes:/home/preyas.r@ah.zymrinc.com/.m2/repository/io/cucumber/cucumber-java/7.2.3/cucumber-java-7.2.3.jar:/home/preyas.r@ah.zymrinc.com/.m2/repository/io/cucumber/cucumber-core/7.2.3/cucumber-core-7.2.3.jar:/home/preyas.r@ah.zymrinc.com/.m2/repository/io/cucumber/cucumber-gherkin/7.2.3/cucumber-gherkin-7.2.3.jar:/home/preyas.r@ah.zymrinc.com/.m2/repository/io/cucumber/cucumber-gherkin-messages/7.2.3/cucumber-gherkin-messages-7.2.3.jar:/home/preyas.r@ah.zymrinc.com/.m2/repository/io/cucumber/messages/17.1.1/messages-17.1.1.jar:/home/preyas.r@ah.zymrinc.com/.m2/repository/io/cucumber/tag-expressions/4.1.0/tag-expressions-4.1.0.jar:/home/preyas.r@ah.zymrinc.com/.m2/repository/io/cucumber/cucumber-expressions/15.0.1/cucumber-expressions-15.0.1.jar:/home/preyas.r@ah.zymrinc.com/.m2/repository/io/cucumber/datatable/7.2.3/datatable-7.2.3.jar:/home/preyas.r@ah.zymrinc.com/.m2/repository/io/cucumber/cucumber-plugin/7.2.3/cucumber-plugin-7.2.3.jar:/home/preyas.r@ah.zymrinc.com/.m2/repository/io/cucumber/docstring/7.2.3/docstring-7.2.3.jar:/home/preyas.r@ah.zymrinc.com/.m2/repository/io/cucumber/html-formatter/17.0.0/html-formatter-17.0.0.jar:/home/preyas.r@ah.zymrinc.com/.m2/repository/io/cucumber/ci-environment/8.1.0/ci-environment-8.1.0.jar:/home/preyas.r@ah.zymrinc.com/.m2/repository/org/apiguardian/apiguardian-api/1.1.2/apiguardian-api-1.1.2.jar:/home/preyas.r@ah.zymrinc.com/.m2/repository/com/github/javafaker/javafaker/1.0.2/javafaker-1.0.2.jar:/home/preyas.r@ah.zymrinc.com/.m2/repository/org/apache/commons/commons-lang3/3.5/commons-lang3-3.5.jar:/home/preyas.r@ah.zymrinc.com/.m2/repository/org/yaml/snakeyaml/1.23/snakeyaml-1.23-android.jar:/home/preyas.r@ah.zymrinc.com/.m2/repository/com/github/mifmif/generex/1.0.2/generex-1.0.2.jar:/home/preyas.r@ah.zymrinc.com/.m2/repository/dk/brics/automaton/automaton/1.11-8/automaton-1.11-8.jar:/home/preyas.r@ah.zymrinc.com/.m2/repository/com/google/zxing/javase/3.5.0/javase-3.5.0.jar:/home/preyas.r@ah.zymrinc.com/.m2/repository/com/google/zxing/core/3.5.0/core-3.5.0.jar:/home/preyas.r@ah.zymrinc.com/.m2/repository/com/beust/jcommander/1.82/jcommander-1.82.jar:/home/preyas.r@ah.zymrinc.com/.m2/repository/com/github/jai-imageio/jai-imageio-core/1.4.0/jai-imageio-core-1.4.0.jar:/home/preyas.r@ah.zymrinc.com/.m2/repository/junit/junit/4.13.2/junit-4.13.2.jar:/home/preyas.r@ah.zymrinc.com/.m2/repository/io/cucumber/cucumber-junit/7.2.3/cucumber-junit-7.2.3.jar:/home/preyas.r@ah.zymrinc.com/.m2/repository/org/seleniumhq/selenium/selenium-java/4.1.3/selenium-java-4.1.3.jar:/home/preyas.r@ah.zymrinc.com/.m2/repository/org/seleniumhq/selenium/selenium-api/4.1.3/selenium-api-4.1.3.jar:/home/preyas.r@ah.zymrinc.com/.m2/repository/org/seleniumhq/selenium/selenium-chrome-driver/4.1.3/selenium-chrome-driver-4.1.3.jar:/home/preyas.r@ah.zymrinc.com/.m2/repository/com/google/auto/service/auto-service-annotations/1.0.1/auto-service-annotations-1.0.1.jar:/home/preyas.r@ah.zymrinc.com/.m2/repository/com/google/auto/service/auto-service/1.0.1/auto-service-1.0.1.jar:/home/preyas.r@ah.zymrinc.com/.m2/repository/com/google/auto/auto-common/1.2/auto-common-1.2.jar:/home/preyas.r@ah.zymrinc.com/.m2/repository/com/google/guava/guava/31.1-jre/guava-31.1-jre.jar:/home/preyas.r@ah.zymrinc.com/.m2/repository/com/google/guava/failureaccess/1.0.1/failureaccess-1.0.1.jar:/home/preyas.r@ah.zymrinc.com/.m2/repository/com/google/guava/listenablefuture/9999.0-empty-to-avoid-conflict-with-guava/listenablefuture-9999.0-empty-to-avoid-conflict-with-guava.jar:/home/preyas.r@ah.zymrinc.com/.m2/repository/org/checkerframework/checker-qual/3.12.0/checker-qual-3.12.0.jar:/home/preyas.r@ah.zymrinc.com/.m2/repository/com/google/errorprone/error_prone_annotations/2.11.0/error_prone_annotations-2.11.0.jar:/home/preyas.r@ah.zymrinc.com/.m2/repository/com/google/j2objc/j2objc-annotations/1.3/j2objc-annotations-1.3.jar:/home/preyas.r@ah.zymrinc.com/.m2/repository/org/seleniumhq/selenium/selenium-chromium-driver/4.1.3/selenium-chromium-driver-4.1.3.jar:/home/preyas.r@ah.zymrinc.com/.m2/repository/org/seleniumhq/selenium/selenium-json/4.1.3/selenium-json-4.1.3.jar:/home/preyas.r@ah.zymrinc.com/.m2/repository/org/seleniumhq/selenium/selenium-devtools-v85/4.1.3/selenium-devtools-v85-4.1.3.jar:/home/preyas.r@ah.zymrinc.com/.m2/repository/org/seleniumhq/selenium/selenium-devtools-v97/4.1.3/selenium-devtools-v97-4.1.3.jar:/home/preyas.r@ah.zymrinc.com/.m2/repository/org/seleniumhq/selenium/selenium-devtools-v98/4.1.3/selenium-devtools-v98-4.1.3.jar:/home/preyas.r@ah.zymrinc.com/.m2/repository/org/seleniumhq/selenium/selenium-devtools-v99/4.1.3/selenium-devtools-v99-4.1.3.jar:/home/preyas.r@ah.zymrinc.com/.m2/repository/org/seleniumhq/selenium/selenium-edge-driver/4.1.3/selenium-edge-driver-4.1.3.jar:/home/preyas.r@ah.zymrinc.com/.m2/repository/org/seleniumhq/selenium/selenium-firefox-driver/4.1.3/selenium-firefox-driver-4.1.3.jar:/home/preyas.r@ah.zymrinc.com/.m2/repository/org/seleniumhq/selenium/selenium-ie-driver/4.1.3/selenium-ie-driver-4.1.3.jar:/home/preyas.r@ah.zymrinc.com/.m2/repository/org/seleniumhq/selenium/selenium-opera-driver/4.1.3/selenium-opera-driver-4.1.3.jar:/home/preyas.r@ah.zymrinc.com/.m2/repository/org/seleniumhq/selenium/selenium-remote-driver/4.1.3/selenium-remote-driver-4.1.3.jar:/home/preyas.r@ah.zymrinc.com/.m2/repository/io/netty/netty-buffer/4.1.75.Final/netty-buffer-4.1.75.Final.jar:/home/preyas.r@ah.zymrinc.com/.m2/repository/io/netty/netty-codec-http/4.1.75.Final/netty-codec-http-4.1.75.Final.jar:/home/preyas.r@ah.zymrinc.com/.m2/repository/io/netty/netty-codec/4.1.75.Final/netty-codec-4.1.75.Final.jar:/home/preyas.r@ah.zymrinc.com/.m2/repository/io/netty/netty-handler/4.1.75.Final/netty-handler-4.1.75.Final.jar:/home/preyas.r@ah.zymrinc.com/.m2/repository/io/netty/netty-common/4.1.75.Final/netty-common-4.1.75.Final.jar:/home/preyas.r@ah.zymrinc.com/.m2/repository/io/netty/netty-transport-classes-epoll/4.1.75.Final/netty-transport-classes-epoll-4.1.75.Final.jar:/home/preyas.r@ah.zymrinc.com/.m2/repository/io/netty/netty-transport-classes-kqueue/4.1.75.Final/netty-transport-classes-kqueue-4.1.75.Final.jar:/home/preyas.r@ah.zymrinc.com/.m2/repository/io/netty/netty-transport-native-epoll/4.1.75.Final/netty-transport-native-epoll-4.1.75.Final.jar:/home/preyas.r@ah.zymrinc.com/.m2/repository/io/netty/netty-transport-native-kqueue/4.1.75.Final/netty-transport-native-kqueue-4.1.75.Final.jar:/home/preyas.r@ah.zymrinc.com/.m2/repository/io/netty/netty-transport-native-unix-common/4.1.75.Final/netty-transport-native-unix-common-4.1.75.Final.jar:/home/preyas.r@ah.zymrinc.com/.m2/repository/io/netty/netty-transport/4.1.75.Final/netty-transport-4.1.75.Final.jar:/home/preyas.r@ah.zymrinc.com/.m2/repository/io/netty/netty-resolver/4.1.75.Final/netty-resolver-4.1.75.Final.jar:/home/preyas.r@ah.zymrinc.com/.m2/repository/io/opentelemetry/opentelemetry-api/1.12.0/opentelemetry-api-1.12.0.jar:/home/preyas.r@ah.zymrinc.com/.m2/repository/io/opentelemetry/opentelemetry-context/1.12.0/opentelemetry-context-1.12.0.jar:/home/preyas.r@ah.zymrinc.com/.m2/repository/io/opentelemetry/opentelemetry-exporter-logging/1.12.0/opentelemetry-exporter-logging-1.12.0.jar:/home/preyas.r@ah.zymrinc.com/.m2/repository/io/opentelemetry/opentelemetry-sdk-metrics/1.12.0-alpha/opentelemetry-sdk-metrics-1.12.0-alpha.jar:/home/preyas.r@ah.zymrinc.com/.m2/repository/io/opentelemetry/opentelemetry-sdk-logs/1.12.0-alpha/opentelemetry-sdk-logs-1.12.0-alpha.jar:/home/preyas.r@ah.zymrinc.com/.m2/repository/io/opentelemetry/opentelemetry-sdk-common/1.12.0/opentelemetry-sdk-common-1.12.0.jar:/home/preyas.r@ah.zymrinc.com/.m2/repository/io/opentelemetry/opentelemetry-sdk-extension-autoconfigure-spi/1.12.0/opentelemetry-sdk-extension-autoconfigure-spi-1.12.0.jar:/home/preyas.r@ah.zymrinc.com/.m2/repository/io/opentelemetry/opentelemetry-sdk-extension-autoconfigure/1.12.0-alpha/opentelemetry-sdk-extension-autoconfigure-1.12.0-alpha.jar:/home/preyas.r@ah.zymrinc.com/.m2/repository/io/opentelemetry/opentelemetry-sdk-trace/1.12.0/opentelemetry-sdk-trace-1.12.0.jar:/home/preyas.r@ah.zymrinc.com/.m2/repository/io/opentelemetry/opentelemetry-sdk/1.12.0/opentelemetry-sdk-1.12.0.jar:/home/preyas.r@ah.zymrinc.com/.m2/repository/io/opentelemetry/opentelemetry-semconv/1.12.0-alpha/opentelemetry-semconv-1.12.0-alpha.jar:/home/preyas.r@ah.zymrinc.com/.m2/repository/io/ous/jtoml/2.0.0/jtoml-2.0.0.jar:/home/preyas.r@ah.zymrinc.com/.m2/repository/net/bytebuddy/byte-buddy/1.12.8/byte-buddy-1.12.8.jar:/home/preyas.r@ah.zymrinc.com/.m2/repository/org/apache/commons/commons-exec/1.3/commons-exec-1.3.jar:/home/preyas.r@ah.zymrinc.com/.m2/repository/org/asynchttpclient/async-http-client/2.12.3/async-http-client-2.12.3.jar:/home/preyas.r@ah.zymrinc.com/.m2/repository/org/asynchttpclient/async-http-client-netty-utils/2.12.3/async-http-client-netty-utils-2.12.3.jar:/home/preyas.r@ah.zymrinc.com/.m2/repository/io/netty/netty-codec-socks/4.1.60.Final/netty-codec-socks-4.1.60.Final.jar:/home/preyas.r@ah.zymrinc.com/.m2/repository/io/netty/netty-handler-proxy/4.1.60.Final/netty-handler-proxy-4.1.60.Final.jar:/home/preyas.r@ah.zymrinc.com/.m2/repository/io/netty/netty-transport-native-epoll/4.1.60.Final/netty-transport-native-epoll-4.1.60.Final-linux-x86_64.jar:/home/preyas.r@ah.zymrinc.com/.m2/repository/io/netty/netty-transport-native-kqueue/4.1.60.Final/netty-transport-native-kqueue-4.1.60.Final-osx-x86_64.jar:/home/preyas.r@ah.zymrinc.com/.m2/repository/org/reactivestreams/reactive-streams/1.0.3/reactive-streams-1.0.3.jar:/home/preyas.r@ah.zymrinc.com/.m2/repository/com/typesafe/netty/netty-reactive-streams/2.0.4/netty-reactive-streams-2.0.4.jar:/home/preyas.r@ah.zymrinc.com/.m2/repository/com/sun/activation/jakarta.activation/1.2.2/jakarta.activation-1.2.2.jar:/home/preyas.r@ah.zymrinc.com/.m2/repository/org/seleniumhq/selenium/selenium-http/4.1.3/selenium-http-4.1.3.jar:/home/preyas.r@ah.zymrinc.com/.m2/repository/dev/failsafe/failsafe/3.2.3/failsafe-3.2.3.jar:/home/preyas.r@ah.zymrinc.com/.m2/repository/org/seleniumhq/selenium/selenium-safari-driver/4.1.3/selenium-safari-driver-4.1.3.jar:/home/preyas.r@ah.zymrinc.com/.m2/repository/org/seleniumhq/selenium/selenium-support/4.1.3/selenium-support-4.1.3.jar:/home/preyas.r@ah.zymrinc.com/.m2/repository/io/github/bonigarcia/webdrivermanager/4.4.3/webdrivermanager-4.4.3.jar:/home/preyas.r@ah.zymrinc.com/.m2/repository/org/slf4j/slf4j-api/1.7.30/slf4j-api-1.7.30.jar:/home/preyas.r@ah.zymrinc.com/.m2/repository/commons-io/commons-io/2.8.0/commons-io-2.8.0.jar:/home/preyas.r@ah.zymrinc.com/.m2/repository/com/google/code/gson/gson/2.8.6/gson-2.8.6.jar:/home/preyas.r@ah.zymrinc.com/.m2/repository/org/apache/httpcomponents/client5/httpclient5/5.0.3/httpclient5-5.0.3.jar:/home/preyas.r@ah.zymrinc.com/.m2/repository/org/apache/httpcomponents/core5/httpcore5/5.0.2/httpcore5-5.0.2.jar:/home/preyas.r@ah.zymrinc.com/.m2/repository/org/apache/httpcomponents/core5/httpcore5-h2/5.0.2/httpcore5-h2-5.0.2.jar:/home/preyas.r@ah.zymrinc.com/.m2/repository/org/rauschig/jarchivelib/1.1.0/jarchivelib-1.1.0.jar:/home/preyas.r@ah.zymrinc.com/.m2/repository/org/jsoup/jsoup/1.13.1/jsoup-1.13.1.jar:/home/preyas.r@ah.zymrinc.com/.m2/repository/org/testng/testng/7.4.0/testng-7.4.0.jar:/home/preyas.r@ah.zymrinc.com/.m2/repository/org/webjars/jquery/3.5.1/jquery-3.5.1.jar:/home/preyas.r@ah.zymrinc.com/.m2/repository/io/cucumber/cucumber-testng/7.3.2/cucumber-testng-7.3.2.jar:/home/preyas.r@ah.zymrinc.com/.m2/repository/org/hamcrest/java-hamcrest/2.0.0.0/java-hamcrest-2.0.0.0.jar:/home/preyas.r@ah.zymrinc.com/.m2/repository/com/twilio/sdk/twilio/8.30.1/twilio-8.30.1.jar:/home/preyas.r@ah.zymrinc.com/.m2/repository/commons-codec/commons-codec/1.15/commons-codec-1.15.jar:/home/preyas.r@ah.zymrinc.com/.m2/repository/io/jsonwebtoken/jjwt-api/0.11.2/jjwt-api-0.11.2.jar:/home/preyas.r@ah.zymrinc.com/.m2/repository/io/jsonwebtoken/jjwt-jackson/0.11.2/jjwt-jackson-0.11.2.jar:/home/preyas.r@ah.zymrinc.com/.m2/repository/io/jsonwebtoken/jjwt-impl/0.11.2/jjwt-impl-0.11.2.jar:/home/preyas.r@ah.zymrinc.com/.m2/repository/org/apache/httpcomponents/httpclient/4.5.13/httpclient-4.5.13.jar:/home/preyas.r@ah.zymrinc.com/.m2/repository/commons-logging/commons-logging/1.2/commons-logging-1.2.jar:/home/preyas.r@ah.zymrinc.com/.m2/repository/org/apache/httpcomponents/httpcore/4.4.13/httpcore-4.4.13.jar:/home/preyas.r@ah.zymrinc.com/.m2/repository/com/fasterxml/jackson/core/jackson-core/2.12.6/jackson-core-2.12.6.jar:/home/preyas.r@ah.zymrinc.com/.m2/repository/com/fasterxml/jackson/core/jackson-annotations/2.12.6/jackson-annotations-2.12.6.jar:/home/preyas.r@ah.zymrinc.com/.m2/repository/com/fasterxml/jackson/core/jackson-databind/2.12.6/jackson-databind-2.12.6.jar:/home/preyas.r@ah.zymrinc.com/.m2/repository/com/fasterxml/jackson/datatype/jackson-datatype-jsr310/2.12.6/jackson-datatype-jsr310-2.12.6.jar:/home/preyas.r@ah.zymrinc.com/.m2/repository/com/fasterxml/jackson/dataformat/jackson-dataformat-xml/2.12.6/jackson-dataformat-xml-2.12.6.jar:/home/preyas.r@ah.zymrinc.com/.m2/repository/com/fasterxml/jackson/module/jackson-module-jaxb-annotations/2.12.6/jackson-module-jaxb-annotations-2.12.6.jar:/home/preyas.r@ah.zymrinc.com/.m2/repository/jakarta/xml/bind/jakarta.xml.bind-api/2.3.2/jakarta.xml.bind-api-2.3.2.jar:/home/preyas.r@ah.zymrinc.com/.m2/repository/jakarta/activation/jakarta.activation-api/1.2.1/jakarta.activation-api-1.2.1.jar:/home/preyas.r@ah.zymrinc.com/.m2/repository/org/codehaus/woodstox/stax2-api/4.2.1/stax2-api-4.2.1.jar:/home/preyas.r@ah.zymrinc.com/.m2/repository/com/fasterxml/woodstox/woodstox-core/6.2.4/woodstox-core-6.2.4.jar:/home/preyas.r@ah.zymrinc.com/.m2/repository/javax/xml/bind/jaxb-api/2.3.1/jaxb-api-2.3.1.jar:/home/preyas.r@ah.zymrinc.com/.m2/repository/javax/activation/javax.activation-api/1.2.0/javax.activation-api-1.2.0.jar:/home/preyas.r@ah.zymrinc.com/.m2/repository/org/hamcrest/hamcrest-core/2.2/hamcrest-core-2.2.jar:/home/preyas.r@ah.zymrinc.com/.m2/repository/org/hamcrest/hamcrest/2.2/hamcrest-2.2.jar:/home/preyas.r@ah.zymrinc.com/.m2/repository/org/hamcrest/hamcrest-library/2.2/hamcrest-library-2.2.jar:/home/preyas.r@ah.zymrinc.com/.m2/repository/org/apache/poi/poi/4.1.2/poi-4.1.2.jar:/home/preyas.r@ah.zymrinc.com/.m2/repository/org/apache/commons/commons-collections4/4.4/commons-collections4-4.4.jar:/home/preyas.r@ah.zymrinc.com/.m2/repository/org/apache/commons/commons-math3/3.6.1/commons-math3-3.6.1.jar:/home/preyas.r@ah.zymrinc.com/.m2/repository/com/zaxxer/SparseBitSet/1.2/SparseBitSet-1.2.jar:/home/preyas.r@ah.zymrinc.com/.m2/repository/io/rest-assured/json-schema-validator/5.1.0/json-schema-validator-5.1.0.jar:/home/preyas.r@ah.zymrinc.com/.m2/repository/com/github/java-json-tools/json-schema-validator/2.2.14/json-schema-validator-2.2.14.jar:/home/preyas.r@ah.zymrinc.com/.m2/repository/com/github/java-json-tools/jackson-coreutils-equivalence/1.0/jackson-coreutils-equivalence-1.0.jar:/home/preyas.r@ah.zymrinc.com/.m2/repository/com/github/java-json-tools/jackson-coreutils/2.0/jackson-coreutils-2.0.jar:/home/preyas.r@ah.zymrinc.com/.m2/repository/com/github/java-json-tools/msg-simple/1.2/msg-simple-1.2.jar:/home/preyas.r@ah.zymrinc.com/.m2/repository/com/github/java-json-tools/btf/1.3/btf-1.3.jar:/home/preyas.r@ah.zymrinc.com/.m2/repository/com/github/java-json-tools/json-schema-core/1.2.14/json-schema-core-1.2.14.jar:/home/preyas.r@ah.zymrinc.com/.m2/repository/com/github/java-json-tools/uri-template/0.10/uri-template-0.10.jar:/home/preyas.r@ah.zymrinc.com/.m2/repository/org/mozilla/rhino/1.7.7.2/rhino-1.7.7.2.jar:/home/preyas.r@ah.zymrinc.com/.m2/repository/com/sun/mail/mailapi/1.6.2/mailapi-1.6.2.jar:/home/preyas.r@ah.zymrinc.com/.m2/repository/joda-time/joda-time/2.10.5/joda-time-2.10.5.jar:/home/preyas.r@ah.zymrinc.com/.m2/repository/com/googlecode/libphonenumber/libphonenumber/8.11.1/libphonenumber-8.11.1.jar:/home/preyas.r@ah.zymrinc.com/.m2/repository/com/google/code/findbugs/jsr305/3.0.2/jsr305-3.0.2.jar:/home/preyas.r@ah.zymrinc.com/.m2/repository/net/sf/jopt-simple/jopt-simple/5.0.4/jopt-simple-5.0.4.jar:/home/preyas.r@ah.zymrinc.com/.m2/repository/io/rest-assured/json-path/5.1.0/json-path-5.1.0.jar:/home/preyas.r@ah.zymrinc.com/.m2/repository/org/apache/groovy/groovy-json/4.0.1/groovy-json-4.0.1.jar:/home/preyas.r@ah.zymrinc.com/.m2/repository/org/apache/groovy/groovy/4.0.1/groovy-4.0.1.jar:/home/preyas.r@ah.zymrinc.com/.m2/repository/io/rest-assured/rest-assured-common/5.1.0/rest-assured-common-5.1.0.jar:/home/preyas.r@ah.zymrinc.com/.m2/repository/io/rest-assured/xml-path/5.1.0/xml-path-5.1.0.jar:/home/preyas.r@ah.zymrinc.com/.m2/repository/org/apache/groovy/groovy-xml/4.0.1/groovy-xml-4.0.1.jar:/home/preyas.r@ah.zymrinc.com/.m2/repository/org/ccil/cowan/tagsoup/tagsoup/1.2.1/tagsoup-1.2.1.jar:/home/preyas.r@ah.zymrinc.com/.m2/repository/javax/mail/javax.mail-api/1.6.2/javax.mail-api-1.6.2.jar:/home/preyas.r@ah.zymrinc.com/.m2/repository/javax/mail/mail/1.4.7/mail-1.4.7.jar:/home/preyas.r@ah.zymrinc.com/.m2/repository/javax/activation/activation/1.1/activation-1.1.jar:/home/preyas.r@ah.zymrinc.com/.m2/repository/org/apache/poi/poi-ooxml/4.1.2/poi-ooxml-4.1.2.jar:/home/preyas.r@ah.zymrinc.com/.m2/repository/org/apache/poi/poi-ooxml-schemas/4.1.2/poi-ooxml-schemas-4.1.2.jar:/home/preyas.r@ah.zymrinc.com/.m2/repository/org/apache/xmlbeans/xmlbeans/3.1.0/xmlbeans-3.1.0.jar:/home/preyas.r@ah.zymrinc.com/.m2/repository/org/apache/commons/commons-compress/1.19/commons-compress-1.19.jar:/home/preyas.r@ah.zymrinc.com/.m2/repository/com/github/virtuald/curvesapi/1.06/curvesapi-1.06.jar:/home/preyas.r@ah.zymrinc.com/.m2/repository/tech/grasshopper/extentreports-cucumber7-adapter/1.2.0/extentreports-cucumber7-adapter-1.2.0.jar:/home/preyas.r@ah.zymrinc.com/.m2/repository/com/aventstack/extentreports/5.0.9/extentreports-5.0.9.jar:/home/preyas.r@ah.zymrinc.com/.m2/repository/io/reactivex/rxjava3/rxjava/3.0.4/rxjava-3.0.4.jar:/home/preyas.r@ah.zymrinc.com/.m2/repository/org/freemarker/freemarker/2.3.30/freemarker-2.3.30.jar:/home/preyas.r@ah.zymrinc.com/.m2/repository/org/projectlombok/lombok/1.18.12/lombok-1.18.12.jar:/home/preyas.r@ah.zymrinc.com/.m2/repository/tech/grasshopper/extent-pdf-report/1.7.4/extent-pdf-report-1.7.4.jar:/home/preyas.r@ah.zymrinc.com/.m2/repository/tech/grasshopper/cucumber-pdf-report/2.2.4/cucumber-pdf-report-2.2.4.jar:/home/preyas.r@ah.zymrinc.com/.m2/repository/org/apache/pdfbox/pdfbox/2.0.22/pdfbox-2.0.22.jar:/home/preyas.r@ah.zymrinc.com/.m2/repository/org/apache/pdfbox/fontbox/2.0.22/fontbox-2.0.22.jar:/home/preyas.r@ah.zymrinc.com/.m2/repository/org/knowm/xchart/xchart/3.8.0/xchart-3.8.0.jar:/home/preyas.r@ah.zymrinc.com/.m2/repository/de/erichseifert/vectorgraphics2d/VectorGraphics2D/0.13/VectorGraphics2D-0.13.jar:/home/preyas.r@ah.zymrinc.com/.m2/repository/de/rototor/pdfbox/graphics2d/0.30/graphics2d-0.30.jar:/home/preyas.r@ah.zymrinc.com/.m2/repository/com/madgag/animated-gif-lib/1.4/animated-gif-lib-1.4.jar:/home/preyas.r@ah.zymrinc.com/.m2/repository/org/yaml/snakeyaml/1.28/snakeyaml-1.28.jar:/home/preyas.r@ah.zymrinc.com/.m2/repository/tech/grasshopper/table-layout/1.2.0/table-layout-1.2.0.jar:/home/preyas.r@ah.zymrinc.com/.m2/repository/com/aventstack/klov-reporter/5.0.9/klov-reporter-5.0.9.jar:/home/preyas.r@ah.zymrinc.com/.m2/repository/org/mongodb/mongodb-driver/3.6.4/mongodb-driver-3.6.4.jar:/home/preyas.r@ah.zymrinc.com/.m2/repository/org/mongodb/mongodb-driver-core/3.6.4/mongodb-driver-core-3.6.4.jar:/home/preyas.r@ah.zymrinc.com/.m2/repository/org/mongodb/bson/3.6.4/bson-3.6.4.jar:/home/preyas.r@ah.zymrinc.com/.m2/repository/org/apache/httpcomponents/httpmime/4.5.13/httpmime-4.5.13.jar:/home/preyas.r@ah.zymrinc.com/.m2/repository/tech/grasshopper/htmlextentreporter/1.0.0/htmlextentreporter-1.0.0.jar:"/>
    <property name="sun.cpu.endian" value="little"/>
    <property name="user.home" value="/home/preyas.r@ah.zymrinc.com"/>
    <property name="user.language" value="en"/>
    <property name="java.specification.vendor" value="Oracle Corporation"/>
    <property name="java.home" value="/usr/lib/jvm/java-8-oracle/jre"/>
    <property name="basedir" value="/home/preyas.r@ah.zymrinc.com/Desktop/preyas/eclipse-workspace/Snapdeal_Project"/>
    <property name="file.separator" value="/"/>
    <property name="line.separator" value="&#10;"/>
    <property name="java.vm.specification.vendor" value="Oracle Corporation"/>
    <property name="java.specification.name" value="Java Platform API Specification"/>
    <property name="java.awt.graphicsenv" value="sun.awt.X11GraphicsEnvironment"/>
    <property name="surefire.real.class.path" value="/home/preyas.r@ah.zymrinc.com/Desktop/preyas/eclipse-workspace/Snapdeal_Project/target/surefire/surefirebooter8023899701838467934.jar"/>
    <property name="sun.boot.class.path" value="/usr/lib/jvm/java-8-oracle/jre/lib/resources.jar:/usr/lib/jvm/java-8-oracle/jre/lib/rt.jar:/usr/lib/jvm/java-8-oracle/jre/lib/sunrsasign.jar:/usr/lib/jvm/java-8-oracle/jre/lib/jsse.jar:/usr/lib/jvm/java-8-oracle/jre/lib/jce.jar:/usr/lib/jvm/java-8-oracle/jre/lib/charsets.jar:/usr/lib/jvm/java-8-oracle/jre/lib/jfr.jar:/usr/lib/jvm/java-8-oracle/jre/classes"/>
    <property name="sun.management.compiler" value="HotSpot 64-Bit Tiered Compilers"/>
    <property name="java.runtime.version" value="1.8.0_212-b10"/>
    <property name="user.name" value="preyas.r@ah.zymrinc.com"/>
    <property name="path.separator" value=":"/>
    <property name="os.version" value="5.13.0-48-generic"/>
    <property name="java.endorsed.dirs" value="/usr/lib/jvm/java-8-oracle/jre/lib/endorsed"/>
    <property name="java.runtime.name" value="Java(TM) SE Runtime Environment"/>
    <property name="file.encoding" value="UTF-8"/>
    <property name="java.vm.name" value="Java HotSpot(TM) 64-Bit Server VM"/>
    <property name="localRepository" value="/home/preyas.r@ah.zymrinc.com/.m2/repository"/>
    <property name="java.vendor.url.bug" value="http://bugreport.sun.com/bugreport/"/>
    <property name="java.io.tmpdir" value="/tmp"/>
    <property name="java.version" value="1.8.0_212"/>
    <property name="user.dir" value="/home/preyas.r@ah.zymrinc.com/Desktop/preyas/eclipse-workspace/Snapdeal_Project"/>
    <property name="os.arch" value="amd64"/>
    <property name="java.vm.specification.name" value="Java Virtual Machine Specification"/>
    <property name="java.awt.printerjob" value="sun.print.PSPrinterJob"/>
    <property name="sun.os.patch.level" value="unknown"/>
    <property name="java.library.path" value="/usr/java/packages/lib/amd64:/usr/lib64:/lib64:/lib:/usr/lib"/>
    <property name="java.vm.info" value="mixed mode"/>
    <property name="java.vendor" value="Oracle Corporation"/>
    <property name="java.vm.version" value="25.212-b10"/>
    <property name="java.ext.dirs" value="/usr/lib/jvm/java-8-oracle/jre/lib/ext:/usr/java/packages/lib/ext"/>
    <property name="sun.io.unicode.encoding" value="UnicodeLittle"/>
    <property name="java.class.version" value="52.0"/>
  </properties>
  <testcase name="runScenario[&quot;Verification for Snapdeal ChangePassword funcationality&quot;, &quot;Feature to Snapdeal HomePage functionality&quot;](1)" classname="Runners.Snapdeal_TestRunner" time="4.83">
    <failure message="no such window: window was already closed&#10;  (Session info: chrome=102.0.5005.61)&#10;Build info: version: &apos;4.1.3&apos;, revision: &apos;7b1ebf28ef&apos;&#10;System info: host: &apos;preyas-r&apos;, ip: &apos;127.0.1.1&apos;, os.name: &apos;Linux&apos;, os.arch: &apos;amd64&apos;, os.version: &apos;5.13.0-48-generic&apos;, java.version: &apos;1.8.0_212&apos;&#10;Driver info: org.openqa.selenium.chrome.ChromeDriver&#10;Command: [79d6cbbea7beafa8a9d194b8da613cf4, getTitle {}]&#10;Capabilities {acceptInsecureCerts: false, browserName: chrome, browserVersion: 102.0.5005.61, chrome: {chromedriverVersion: 102.0.5005.61 (0e59bcc00cc4..., userDataDir: /tmp/.com.google.Chrome.0mN3eM}, goog:chromeOptions: {debuggerAddress: localhost:33861}, javascriptEnabled: true, networkConnectionEnabled: false, pageLoadStrategy: normal, platform: LINUX, platformName: LINUX, proxy: Proxy(), se:cdp: ws://localhost:33861/devtoo..., se:cdpVersion: 102.0.5005.61, setWindowRect: true, strictFileInteractability: false, timeouts: {implicit: 0, pageLoad: 300000, script: 30000}, unhandledPromptBehavior: dismiss and notify, webauthn:extension:credBlob: true, webauthn:extension:largeBlob: true, webauthn:virtualAuthenticators: true}&#10;Session ID: 79d6cbbea7beafa8a9d194b8da613cf4" type="org.openqa.selenium.NoSuchWindowException"><![CDATA[org.openqa.selenium.NoSuchWindowException: 
no such window: window was already closed
  (Session info: chrome=102.0.5005.61)
Build info: version: '4.1.3', revision: '7b1ebf28ef'
System info: host: 'preyas-r', ip: '127.0.1.1', os.name: 'Linux', os.arch: 'amd64', os.version: '5.13.0-48-generic', java.version: '1.8.0_212'
Driver info: org.openqa.selenium.chrome.ChromeDriver
Command: [79d6cbbea7beafa8a9d194b8da613cf4, getTitle {}]
Capabilities {acceptInsecureCerts: false, browserName: chrome, browserVersion: 102.0.5005.61, chrome: {chromedriverVersion: 102.0.5005.61 (0e59bcc00cc4..., userDataDir: /tmp/.com.google.Chrome.0mN3eM}, goog:chromeOptions: {debuggerAddress: localhost:33861}, javascriptEnabled: true, networkConnectionEnabled: false, pageLoadStrategy: normal, platform: LINUX, platformName: LINUX, proxy: Proxy(), se:cdp: ws://localhost:33861/devtoo..., se:cdpVersion: 102.0.5005.61, setWindowRect: true, strictFileInteractability: false, timeouts: {implicit: 0, pageLoad: 300000, script: 30000}, unhandledPromptBehavior: dismiss and notify, webauthn:extension:credBlob: true, webauthn:extension:largeBlob: true, webauthn:virtualAuthenticators: true}
Session ID: 79d6cbbea7beafa8a9d194b8da613cf4
]]></failure>
    <system-out><![CDATA[
@feature @smoke
Scenario: Verification for Snapdeal ChangePassword funcationality # src/test/resources/Features/MyAccount.feature:5
Inside Steps - user is on Home Page and verify page title
  Given user is on Home Page and verify page title                # StepDefinition.HomePage_Steps.Verify_home_page_title()
      org.openqa.selenium.NoSuchWindowException: no such window: window was already closed
  (Session info: chrome=102.0.5005.61)
Build info: version: '4.1.3', revision: '7b1ebf28ef'
System info: host: 'preyas-r', ip: '127.0.1.1', os.name: 'Linux', os.arch: 'amd64', os.version: '5.13.0-48-generic', java.version: '1.8.0_212'
Driver info: org.openqa.selenium.chrome.ChromeDriver
Command: [79d6cbbea7beafa8a9d194b8da613cf4, getTitle {}]
Capabilities {acceptInsecureCerts: false, browserName: chrome, browserVersion: 102.0.5005.61, chrome: {chromedriverVersion: 102.0.5005.61 (0e59bcc00cc4..., userDataDir: /tmp/.com.google.Chrome.0mN3eM}, goog:chromeOptions: {debuggerAddress: localhost:33861}, javascriptEnabled: true, networkConnectionEnabled: false, pageLoadStrategy: normal, platform: LINUX, platformName: LINUX, proxy: Proxy(), se:cdp: ws://localhost:33861/devtoo..., se:cdpVersion: 102.0.5005.61, setWindowRect: true, strictFileInteractability: false, timeouts: {implicit: 0, pageLoad: 300000, script: 30000}, unhandledPromptBehavior: dismiss and notify, webauthn:extension:credBlob: true, webauthn:extension:largeBlob: true, webauthn:virtualAuthenticators: true}
Session ID: 79d6cbbea7beafa8a9d194b8da613cf4
	at sun.reflect.NativeConstructorAccessorImpl.newInstance0(Native Method)
	at sun.reflect.NativeConstructorAccessorImpl.newInstance(NativeConstructorAccessorImpl.java:62)
	at sun.reflect.DelegatingConstructorAccessorImpl.newInstance(DelegatingConstructorAccessorImpl.java:45)
	at java.lang.reflect.Constructor.newInstance(Constructor.java:423)
	at org.openqa.selenium.remote.codec.w3c.W3CHttpResponseCodec.createException(W3CHttpResponseCodec.java:200)
	at org.openqa.selenium.remote.codec.w3c.W3CHttpResponseCodec.decode(W3CHttpResponseCodec.java:133)
	at org.openqa.selenium.remote.codec.w3c.W3CHttpResponseCodec.decode(W3CHttpResponseCodec.java:53)
	at org.openqa.selenium.remote.HttpCommandExecutor.execute(HttpCommandExecutor.java:184)
	at org.openqa.selenium.remote.service.DriverCommandExecutor.invokeExecute(DriverCommandExecutor.java:167)
	at org.openqa.selenium.remote.service.DriverCommandExecutor.execute(DriverCommandExecutor.java:142)
	at org.openqa.selenium.remote.RemoteWebDriver.execute(RemoteWebDriver.java:567)
	at org.openqa.selenium.remote.RemoteWebDriver.execute(RemoteWebDriver.java:622)
	at org.openqa.selenium.remote.RemoteWebDriver.execute(RemoteWebDriver.java:626)
	at org.openqa.selenium.remote.RemoteWebDriver.getTitle(RemoteWebDriver.java:335)
	at Pages.Home_page.Homepage_title(Home_page.java:66)
	at StepDefinition.HomePage_Steps.Verify_home_page_title(HomePage_Steps.java:31)
	at ✽.user is on Home Page and verify page title(file:///home/preyas.r@ah.zymrinc.com/Desktop/preyas/eclipse-workspace/Snapdeal_Project/src/test/resources/Features/MyAccount.feature:6)

  When user click on login Section                                # StepDefinition.HomePage_Steps.user_click_on_login_Section()
  Then user redirect on Login popup                               # StepDefinition.Login_Steps.user_redirect_on_Login_popup()
  Then user logining via gmail                                    # StepDefinition.Login_Steps.user_login_through_gmail()
  Then user click on order section                                # StepDefinition.HomePage_Steps.user_click_on_order_section()
]]></system-out>
    <system-err><![CDATA[SLF4J: Failed to load class "org.slf4j.impl.StaticLoggerBinder".
SLF4J: Defaulting to no-operation (NOP) logger implementation
SLF4J: See http://www.slf4j.org/codes.html#StaticLoggerBinder for further details.
Starting ChromeDriver 102.0.5005.61 (0e59bcc00cc4985ce39ad31c150065f159d95ad3-refs/branch-heads/5005@{#819}) on port 53883
Only local connections are allowed.
Please see https://chromedriver.chromium.org/security-considerations for suggestions on keeping ChromeDriver safe.
ChromeDriver was started successfully.
Jun 15, 2022 5:41:41 PM org.openqa.selenium.remote.ProtocolHandshake createSession
INFO: Detected dialect: W3C
Jun 15, 2022 5:41:41 PM org.openqa.selenium.devtools.CdpVersionFinder findNearestMatch
WARNING: Unable to find an exact match for CDP version 102, so returning the closest version found: 99
Jun 15, 2022 5:41:41 PM org.openqa.selenium.devtools.CdpVersionFinder findNearestMatch
INFO: Found CDP implementation for version 102 of 99
]]></system-err>
  </testcase>
</testsuite>