<?xml version="1.0" encoding="UTF-8"?>
<!-- Generated by org.testng.reporters.JUnitReportReporter -->
<testsuite skipped="0" hostname="preyas-r" name="Runners.Snapdeal_TestRunner" tests="1" failures="0" timestamp="2022-06-09T14:57:39 IST" time="99.495" errors="0">
  <testcase name="runScenario" time="99.495" classname="Runners.Snapdeal_TestRunner"/>
  <system-out/>
</testsuite> <!-- Runners.Snapdeal_TestRunner -->
