<?xml version="1.0" encoding="UTF-8"?>
<!-- Generated by org.testng.reporters.JUnitReportReporter -->
<testsuite hostname="preyas-r" failures="0" tests="2" name="Runners.Snapdeal_TestRunner" time="69.791" errors="0" timestamp="2022-06-17T10:34:36 IST" skipped="0">
  <testcase classname="Runners.Snapdeal_TestRunner" name="runScenario" time="35.251"/>
  <system-out/>
  <testcase classname="Runners.Snapdeal_TestRunner" name="runScenario" time="34.540"/>
  <system-out/>
</testsuite> <!-- Runners.Snapdeal_TestRunner -->
