<?xml version="1.0" encoding="UTF-8"?>
<!-- Generated by org.testng.reporters.JUnitReportReporter -->
<testsuite hostname="preyas-r" failures="0" tests="1" name="Runners.Snapdeal_TestRunner" time="102.440" errors="0" timestamp="2022-06-29T22:26:29 IST" skipped="0">
  <testcase classname="Runners.Snapdeal_TestRunner" name="runScenario" time="102.440"/>
  <system-out/>
</testsuite> <!-- Runners.Snapdeal_TestRunner -->
