<?xml version="1.0" encoding="UTF-8"?>
<!-- Generated by org.testng.reporters.JUnitReportReporter -->
<testsuite skipped="0" hostname="preyas-r" name="StepDefinition.mail" tests="1" failures="0" timestamp="2022-06-13T11:44:48 IST" time="6.019" errors="0">
  <testcase name="mailsend" time="6.019" classname="StepDefinition.mail"/>
  <system-out/>
</testsuite> <!-- StepDefinition.mail -->
